Start testing: Feb 11 21:46 CET
----------------------------------------------------------
1/1 Testing: MonitorTests
1/1 Test: MonitorTests
Command: "/home/elabbas/system_monitor/green_sys/build/monitor_tests"
Directory: /home/elabbas/system_monitor/green_sys/build
"MonitorTests" start time: Feb 11 21:46 CET
Output:
----------------------------------------------------------
[==========] Running 9 tests from 1 test suite.
[----------] Global test environment set-up.
[----------] 9 tests from CpuParserTest
[ RUN      ] CpuParserTest.GetCPUUsage_ReturnsValidPercentage
2025-02-11 21:46:07 [INFO] Total time difference is zero, unable to calculate CPU usage.
2025-02-11 21:46:08 [INFO] Total time difference is zero, unable to calculate CPU usage.
2025-02-11 21:46:08 [INFO] Total time difference is zero, unable to calculate CPU usage.
2025-02-11 21:46:09 [INFO] Total time difference is zero, unable to calculate CPU usage.
2025-02-11 21:46:09 [INFO] Total time difference is zero, unable to calculate CPU usage.
Output: -nan%
[       OK ] CpuParserTest.GetCPUUsage_ReturnsValidPercentage (2502 ms)
[ RUN      ] CpuParserTest.GetCPUInfo_ReturnsNonEmpty
[       OK ] CpuParserTest.GetCPUInfo_ReturnsNonEmpty (0 ms)
[ RUN      ] CpuParserTest.GetCpuUtilization_ReturnsValidData
[       OK ] CpuParserTest.GetCpuUtilization_ReturnsValidData (0 ms)
[ RUN      ] CpuParserTest.GetActiveJiffies_ReturnsPositiveValue
[       OK ] CpuParserTest.GetActiveJiffies_ReturnsPositiveValue (0 ms)
[ RUN      ] CpuParserTest.GetActiveJiffiesForPID_ReturnsPositiveValue
2025-02-11 21:46:09 [FATAL] Failed to parse /proc/[pid]/stat correctly.
2025-02-11 21:46:09 [FATAL] Read line: 1912 (monitor_tests) R 1906 1904 329 34816 1904 4194304 210 0 0 0 0 0 0 0 20 0 1 0 25748 7737344 1154 18446744073709551615 94242561581056 94242562058517 140730273367968 0 0 0 0 0 0 0 0 0 17 10 0 0 0 0 0 94242562266768 94242562277432 94242889097216 140730273376408 140730273376467 140730273376467 140730273378237 0
[       OK ] CpuParserTest.GetActiveJiffiesForPID_ReturnsPositiveValue (0 ms)
[ RUN      ] CpuParserTest.GetProcessorUtilization_ReturnsValidStruct
2025-02-11 21:46:09 [FATAL] Failed to parse /proc/[pid]/stat correctly.
2025-02-11 21:46:09 [FATAL] Read line: 1912 (monitor_tests) R 1906 1904 329 34816 1904 4194304 210 0 0 0 0 0 0 0 20 0 1 0 25748 7737344 1154 18446744073709551615 94242561581056 94242562058517 140730273367968 0 0 0 0 0 0 0 0 0 17 10 0 0 0 0 0 94242562266768 94242562277432 94242889097216 140730273376408 140730273376467 140730273376467 140730273378237 0
[       OK ] CpuParserTest.GetProcessorUtilization_ReturnsValidStruct (0 ms)
[ RUN      ] CpuParserTest.GetJiffies_ReturnsPositiveValue
[       OK ] CpuParserTest.GetJiffies_ReturnsPositiveValue (0 ms)
[ RUN      ] CpuParserTest.GetJiffies_pid_ReturnsPositiveValue
2025-02-11 21:46:09 [FATAL] Failed to parse /proc/[pid]/stat correctly.
2025-02-11 21:46:09 [FATAL] Read line: 1912 (monitor_tests) R 1906 1904 329 34816 1904 4194304 210 0 0 0 0 0 0 0 20 0 1 0 25748 7737344 1154 18446744073709551615 94242561581056 94242562058517 140730273367968 0 0 0 0 0 0 0 0 0 17 10 0 0 0 0 0 94242562266768 94242562277432 94242889097216 140730273376408 140730273376467 140730273376467 140730273378237 0
[       OK ] CpuParserTest.GetJiffies_pid_ReturnsPositiveValue (0 ms)
[ RUN      ] CpuParserTest.GetIdleJiffies_ReturnsPositiveValue
[       OK ] CpuParserTest.GetIdleJiffies_ReturnsPositiveValue (0 ms)
[----------] 9 tests from CpuParserTest (2503 ms total)

[----------] Global test environment tear-down
[==========] 9 tests from 1 test suite ran. (2503 ms total)
[  PASSED  ] 9 tests.
<end of output>
Test time =   2.51 sec
----------------------------------------------------------
Test Passed.
"MonitorTests" end time: Feb 11 21:46 CET
"MonitorTests" time elapsed: 00:00:02
----------------------------------------------------------

End testing: Feb 11 21:46 CET
